<?xml version="1.0" encoding="UTF-8"?>
<testsuite name="frc.lib.drivetrain.AutoDriveConfigTest" tests="12" skipped="0" failures="0" errors="0" timestamp="2026-03-10T15:31:46" hostname="frc2026.us-central1-b.c.btvaroska.internal" time="0.05">
  <properties/>
  <testcase name="rejectsNonPositivePathAccel()" classname="frc.lib.drivetrain.AutoDriveConfigTest" time="0.025"/>
  <testcase name="allowsZeroRotationKP()" classname="frc.lib.drivetrain.AutoDriveConfigTest" time="0.003"/>
  <testcase name="builderOverridesDefaults()" classname="frc.lib.drivetrain.AutoDriveConfigTest" time="0.001"/>
  <testcase name="rejectsNonPositiveHeadingKP()" classname="frc.lib.drivetrain.AutoDriveConfigTest" time="0.001"/>
  <testcase name="rejectsNegativeTranslationKP()" classname="frc.lib.drivetrain.AutoDriveConfigTest" time="0.002"/>
  <testcase name="rejectsNegativeRotationKP()" classname="frc.lib.drivetrain.AutoDriveConfigTest" time="0.001"/>
  <testcase name="rejectsNonPositiveRotTolerance()" classname="frc.lib.drivetrain.AutoDriveConfigTest" time="0.001"/>
  <testcase name="rejectsNonPositiveVelocity()" classname="frc.lib.drivetrain.AutoDriveConfigTest" time="0.001"/>
  <testcase name="defaultsMatchOriginalConstants()" classname="frc.lib.drivetrain.AutoDriveConfigTest" time="0.001"/>
  <testcase name="rejectsNonPositiveAccel()" classname="frc.lib.drivetrain.AutoDriveConfigTest" time="0.001"/>
  <testcase name="allowsZeroTranslationKP()" classname="frc.lib.drivetrain.AutoDriveConfigTest" time="0.001"/>
  <testcase name="rejectsNonPositivePathAngularAccel()" classname="frc.lib.drivetrain.AutoDriveConfigTest" time="0.001"/>
  <system-out><![CDATA[]]></system-out>
  <system-err><![CDATA[]]></system-err>
</testsuite>
