<?xml version="1.0" encoding="UTF-8"?>
<testsuite name="frc.lib.drivetrain.DiagnosticsConfigTest" tests="12" skipped="0" failures="0" errors="0" timestamp="2026-03-10T15:31:46" hostname="frc2026.us-central1-b.c.btvaroska.internal" time="0.029">
  <properties/>
  <testcase name="rejectsNonPositiveAlignmentWarn()" classname="frc.lib.drivetrain.DiagnosticsConfigTest" time="0.001"/>
  <testcase name="builderOverridesDefaults()" classname="frc.lib.drivetrain.DiagnosticsConfigTest" time="0.001"/>
  <testcase name="acceptsCurrentWarnFractionAtOne()" classname="frc.lib.drivetrain.DiagnosticsConfigTest" time="0.002"/>
  <testcase name="rejectsNonPositiveDiagnosticCooldown()" classname="frc.lib.drivetrain.DiagnosticsConfigTest" time="0.002"/>
  <testcase name="rejectsBrownoutMinVGreaterThanStartV()" classname="frc.lib.drivetrain.DiagnosticsConfigTest" time="0.002"/>
  <testcase name="rejectsNonPositiveOdometryMinHz()" classname="frc.lib.drivetrain.DiagnosticsConfigTest" time="0.001"/>
  <testcase name="defaultsMatchOriginalConstants()" classname="frc.lib.drivetrain.DiagnosticsConfigTest" time="0.001"/>
  <testcase name="rejectsNonPositiveMotorTempWarn()" classname="frc.lib.drivetrain.DiagnosticsConfigTest" time="0.001"/>
  <testcase name="rejectsBrownoutMinScaleOutOfRange()" classname="frc.lib.drivetrain.DiagnosticsConfigTest" time="0.001"/>
  <testcase name="rejectsNonPositiveBrownoutVoltages()" classname="frc.lib.drivetrain.DiagnosticsConfigTest" time="0.002"/>
  <testcase name="rejectsInvalidCurrentWarnFraction()" classname="frc.lib.drivetrain.DiagnosticsConfigTest" time="0.003"/>
  <testcase name="rejectsNonPositiveMotorTempError()" classname="frc.lib.drivetrain.DiagnosticsConfigTest" time="0.001"/>
  <system-out><![CDATA[]]></system-out>
  <system-err><![CDATA[]]></system-err>
</testsuite>
